  stdafx.cpp
  utils.c
  urldecode.c
  url.c
  udp.c
  tee_common.c
  teeproto.c
  tcp.c
  subfile.c
  srtpproto.c
  srtp.c
  sdp.c
  riffdec.c
  riff.c
  replaygain.c
  qtpalette.c
  protocols.c
  prompeg.c
  os_support.c
  options.c
  network.c
  正在生成代码...
  正在编译...
  mux.c
  mpegts.c
  mov_chan.c
  mov.c
  mmst.c
  mmsh.c
  mms.c
  metadata.c
  md5proto.c
  log2_tab.c
  isom.c
  id3v2.c
  id3v1.c
  icecast.c
  httpauth.c
  http.c
  hlsproto.c
  hls.c
  gopher.c
  golomb_tab.c
  正在生成代码...
  正在编译...
  ftp.c
  format.c
  flvdec.c
  file_open.c
  file.c
  dump.c
  data_uri.c
  cutils.c
  crypto.c
  concat.c
  cache.c
  aviobuf.c
  avio.c
  async.c
  asf.c
  allformats.c
  正在生成代码...
  ConsoleApplication2.cpp
  ConsoleApplication2.vcxproj -> C:\github\visual_studio_project\ffmpeg_1.0\Debug\ConsoleApplication2.exe
