c:\github\visual_studio_project\consoleapplication2\consoleapplication2\debug\consoleapplication2.pch
c:\github\visual_studio_project\consoleapplication2\consoleapplication2\debug\vc141.pdb
c:\github\visual_studio_project\consoleapplication2\consoleapplication2\debug\vc141.idb
c:\github\visual_studio_project\consoleapplication2\consoleapplication2\debug\stdafx.obj
c:\github\visual_studio_project\consoleapplication2\consoleapplication2\debug\network.obj
c:\github\visual_studio_project\consoleapplication2\consoleapplication2\debug\options.obj
c:\github\visual_studio_project\consoleapplication2\consoleapplication2\debug\os_support.obj
c:\github\visual_studio_project\consoleapplication2\consoleapplication2\debug\prompeg.obj
c:\github\visual_studio_project\consoleapplication2\consoleapplication2\debug\protocols.obj
c:\github\visual_studio_project\consoleapplication2\consoleapplication2\debug\qtpalette.obj
c:\github\visual_studio_project\consoleapplication2\consoleapplication2\debug\replaygain.obj
c:\github\visual_studio_project\consoleapplication2\consoleapplication2\debug\riff.obj
c:\github\visual_studio_project\consoleapplication2\consoleapplication2\debug\riffdec.obj
c:\github\visual_studio_project\consoleapplication2\consoleapplication2\debug\sdp.obj
c:\github\visual_studio_project\consoleapplication2\consoleapplication2\debug\srtp.obj
c:\github\visual_studio_project\consoleapplication2\consoleapplication2\debug\srtpproto.obj
c:\github\visual_studio_project\consoleapplication2\consoleapplication2\debug\subfile.obj
c:\github\visual_studio_project\consoleapplication2\consoleapplication2\debug\tcp.obj
c:\github\visual_studio_project\consoleapplication2\consoleapplication2\debug\teeproto.obj
c:\github\visual_studio_project\consoleapplication2\consoleapplication2\debug\tee_common.obj
c:\github\visual_studio_project\consoleapplication2\consoleapplication2\debug\udp.obj
c:\github\visual_studio_project\consoleapplication2\consoleapplication2\debug\url.obj
c:\github\visual_studio_project\consoleapplication2\consoleapplication2\debug\urldecode.obj
c:\github\visual_studio_project\consoleapplication2\consoleapplication2\debug\utils.obj
c:\github\visual_studio_project\consoleapplication2\consoleapplication2\debug\golomb_tab.obj
c:\github\visual_studio_project\consoleapplication2\consoleapplication2\debug\gopher.obj
c:\github\visual_studio_project\consoleapplication2\consoleapplication2\debug\hls.obj
c:\github\visual_studio_project\consoleapplication2\consoleapplication2\debug\hlsproto.obj
c:\github\visual_studio_project\consoleapplication2\consoleapplication2\debug\http.obj
c:\github\visual_studio_project\consoleapplication2\consoleapplication2\debug\httpauth.obj
c:\github\visual_studio_project\consoleapplication2\consoleapplication2\debug\icecast.obj
c:\github\visual_studio_project\consoleapplication2\consoleapplication2\debug\id3v1.obj
c:\github\visual_studio_project\consoleapplication2\consoleapplication2\debug\id3v2.obj
c:\github\visual_studio_project\consoleapplication2\consoleapplication2\debug\isom.obj
c:\github\visual_studio_project\consoleapplication2\consoleapplication2\debug\log2_tab.obj
c:\github\visual_studio_project\consoleapplication2\consoleapplication2\debug\md5proto.obj
c:\github\visual_studio_project\consoleapplication2\consoleapplication2\debug\metadata.obj
c:\github\visual_studio_project\consoleapplication2\consoleapplication2\debug\mms.obj
c:\github\visual_studio_project\consoleapplication2\consoleapplication2\debug\mmsh.obj
c:\github\visual_studio_project\consoleapplication2\consoleapplication2\debug\mmst.obj
c:\github\visual_studio_project\consoleapplication2\consoleapplication2\debug\mov.obj
c:\github\visual_studio_project\consoleapplication2\consoleapplication2\debug\mov_chan.obj
c:\github\visual_studio_project\consoleapplication2\consoleapplication2\debug\mpegts.obj
c:\github\visual_studio_project\consoleapplication2\consoleapplication2\debug\mux.obj
c:\github\visual_studio_project\consoleapplication2\consoleapplication2\debug\allformats.obj
c:\github\visual_studio_project\consoleapplication2\consoleapplication2\debug\asf.obj
c:\github\visual_studio_project\consoleapplication2\consoleapplication2\debug\async.obj
c:\github\visual_studio_project\consoleapplication2\consoleapplication2\debug\avio.obj
c:\github\visual_studio_project\consoleapplication2\consoleapplication2\debug\aviobuf.obj
c:\github\visual_studio_project\consoleapplication2\consoleapplication2\debug\cache.obj
c:\github\visual_studio_project\consoleapplication2\consoleapplication2\debug\concat.obj
c:\github\visual_studio_project\consoleapplication2\consoleapplication2\debug\crypto.obj
c:\github\visual_studio_project\consoleapplication2\consoleapplication2\debug\cutils.obj
c:\github\visual_studio_project\consoleapplication2\consoleapplication2\debug\data_uri.obj
c:\github\visual_studio_project\consoleapplication2\consoleapplication2\debug\dump.obj
c:\github\visual_studio_project\consoleapplication2\consoleapplication2\debug\file.obj
c:\github\visual_studio_project\consoleapplication2\consoleapplication2\debug\file_open.obj
c:\github\visual_studio_project\consoleapplication2\consoleapplication2\debug\flvdec.obj
c:\github\visual_studio_project\consoleapplication2\consoleapplication2\debug\format.obj
c:\github\visual_studio_project\consoleapplication2\consoleapplication2\debug\ftp.obj
c:\github\visual_studio_project\consoleapplication2\consoleapplication2\debug\consoleapplication2.obj
c:\github\visual_studio_project\ffmpeg_1.0\consoleapplication2\debug\consoleapplication2.pch
c:\github\visual_studio_project\ffmpeg_1.0\consoleapplication2\debug\vc141.pdb
c:\github\visual_studio_project\ffmpeg_1.0\consoleapplication2\debug\vc141.idb
c:\github\visual_studio_project\ffmpeg_1.0\consoleapplication2\debug\stdafx.obj
c:\github\visual_studio_project\ffmpeg_1.0\consoleapplication2\debug\consoleapplication2.obj
c:\github\visual_studio_project\consoleapplication2\debug\consoleapplication2.ilk
c:\github\visual_studio_project\consoleapplication2\debug\consoleapplication2.exe
c:\github\visual_studio_project\consoleapplication2\debug\consoleapplication2.pdb
c:\github\visual_studio_project\ffmpeg_1.0\debug\consoleapplication2.exe
c:\github\visual_studio_project\ffmpeg_1.0\debug\consoleapplication2.ilk
c:\github\visual_studio_project\ffmpeg_1.0\debug\consoleapplication2.pdb
c:\github\visual_studio_project\ffmpeg_1.0\consoleapplication2\debug\allformats.obj
c:\github\visual_studio_project\ffmpeg_1.0\consoleapplication2\debug\asf.obj
c:\github\visual_studio_project\ffmpeg_1.0\consoleapplication2\debug\async.obj
c:\github\visual_studio_project\ffmpeg_1.0\consoleapplication2\debug\avio.obj
c:\github\visual_studio_project\ffmpeg_1.0\consoleapplication2\debug\aviobuf.obj
c:\github\visual_studio_project\ffmpeg_1.0\consoleapplication2\debug\cache.obj
c:\github\visual_studio_project\ffmpeg_1.0\consoleapplication2\debug\concat.obj
c:\github\visual_studio_project\ffmpeg_1.0\consoleapplication2\debug\crypto.obj
c:\github\visual_studio_project\ffmpeg_1.0\consoleapplication2\debug\cutils.obj
c:\github\visual_studio_project\ffmpeg_1.0\consoleapplication2\debug\data_uri.obj
c:\github\visual_studio_project\ffmpeg_1.0\consoleapplication2\debug\dump.obj
c:\github\visual_studio_project\ffmpeg_1.0\consoleapplication2\debug\file.obj
c:\github\visual_studio_project\ffmpeg_1.0\consoleapplication2\debug\file_open.obj
c:\github\visual_studio_project\ffmpeg_1.0\consoleapplication2\debug\flvdec.obj
c:\github\visual_studio_project\ffmpeg_1.0\consoleapplication2\debug\format.obj
c:\github\visual_studio_project\ffmpeg_1.0\consoleapplication2\debug\ftp.obj
c:\github\visual_studio_project\ffmpeg_1.0\consoleapplication2\debug\golomb_tab.obj
c:\github\visual_studio_project\ffmpeg_1.0\consoleapplication2\debug\gopher.obj
c:\github\visual_studio_project\ffmpeg_1.0\consoleapplication2\debug\hls.obj
c:\github\visual_studio_project\ffmpeg_1.0\consoleapplication2\debug\hlsproto.obj
c:\github\visual_studio_project\ffmpeg_1.0\consoleapplication2\debug\http.obj
c:\github\visual_studio_project\ffmpeg_1.0\consoleapplication2\debug\httpauth.obj
c:\github\visual_studio_project\ffmpeg_1.0\consoleapplication2\debug\icecast.obj
c:\github\visual_studio_project\ffmpeg_1.0\consoleapplication2\debug\id3v1.obj
c:\github\visual_studio_project\ffmpeg_1.0\consoleapplication2\debug\id3v2.obj
c:\github\visual_studio_project\ffmpeg_1.0\consoleapplication2\debug\isom.obj
c:\github\visual_studio_project\ffmpeg_1.0\consoleapplication2\debug\log2_tab.obj
c:\github\visual_studio_project\ffmpeg_1.0\consoleapplication2\debug\md5proto.obj
c:\github\visual_studio_project\ffmpeg_1.0\consoleapplication2\debug\metadata.obj
c:\github\visual_studio_project\ffmpeg_1.0\consoleapplication2\debug\mms.obj
c:\github\visual_studio_project\ffmpeg_1.0\consoleapplication2\debug\mmsh.obj
c:\github\visual_studio_project\ffmpeg_1.0\consoleapplication2\debug\mmst.obj
c:\github\visual_studio_project\ffmpeg_1.0\consoleapplication2\debug\mov.obj
c:\github\visual_studio_project\ffmpeg_1.0\consoleapplication2\debug\mov_chan.obj
c:\github\visual_studio_project\ffmpeg_1.0\consoleapplication2\debug\mpegts.obj
c:\github\visual_studio_project\ffmpeg_1.0\consoleapplication2\debug\mux.obj
c:\github\visual_studio_project\ffmpeg_1.0\consoleapplication2\debug\network.obj
c:\github\visual_studio_project\ffmpeg_1.0\consoleapplication2\debug\options.obj
c:\github\visual_studio_project\ffmpeg_1.0\consoleapplication2\debug\os_support.obj
c:\github\visual_studio_project\ffmpeg_1.0\consoleapplication2\debug\prompeg.obj
c:\github\visual_studio_project\ffmpeg_1.0\consoleapplication2\debug\protocols.obj
c:\github\visual_studio_project\ffmpeg_1.0\consoleapplication2\debug\qtpalette.obj
c:\github\visual_studio_project\ffmpeg_1.0\consoleapplication2\debug\replaygain.obj
c:\github\visual_studio_project\ffmpeg_1.0\consoleapplication2\debug\riff.obj
c:\github\visual_studio_project\ffmpeg_1.0\consoleapplication2\debug\riffdec.obj
c:\github\visual_studio_project\ffmpeg_1.0\consoleapplication2\debug\sdp.obj
c:\github\visual_studio_project\ffmpeg_1.0\consoleapplication2\debug\srtp.obj
c:\github\visual_studio_project\ffmpeg_1.0\consoleapplication2\debug\srtpproto.obj
c:\github\visual_studio_project\ffmpeg_1.0\consoleapplication2\debug\subfile.obj
c:\github\visual_studio_project\ffmpeg_1.0\consoleapplication2\debug\tcp.obj
c:\github\visual_studio_project\ffmpeg_1.0\consoleapplication2\debug\teeproto.obj
c:\github\visual_studio_project\ffmpeg_1.0\consoleapplication2\debug\tee_common.obj
c:\github\visual_studio_project\ffmpeg_1.0\consoleapplication2\debug\udp.obj
c:\github\visual_studio_project\ffmpeg_1.0\consoleapplication2\debug\url.obj
c:\github\visual_studio_project\ffmpeg_1.0\consoleapplication2\debug\urldecode.obj
c:\github\visual_studio_project\ffmpeg_1.0\consoleapplication2\debug\utils.obj
c:\github\visual_studio_project\ffmpeg_1.0\consoleapplication2\debug\consolea.c817353a.tlog\cl.command.1.tlog
c:\github\visual_studio_project\ffmpeg_1.0\consoleapplication2\debug\consolea.c817353a.tlog\cl.read.1.tlog
c:\github\visual_studio_project\ffmpeg_1.0\consoleapplication2\debug\consolea.c817353a.tlog\cl.write.1.tlog
c:\github\visual_studio_project\ffmpeg_1.0\consoleapplication2\debug\consolea.c817353a.tlog\link.command.1.tlog
c:\github\visual_studio_project\ffmpeg_1.0\consoleapplication2\debug\consolea.c817353a.tlog\link.read.1.tlog
c:\github\visual_studio_project\ffmpeg_1.0\consoleapplication2\debug\consolea.c817353a.tlog\link.write.1.tlog
